2023-01-06 11:48:18.2361 INFO {
  "id": "123344",
  "intouch_series_id": null,
  "fname": "vikas",
  "pid": "3193",
  "pname": "test",
  "lname": "vikas",
  "email_address": "vikas@vikas.com",
  "streetAddress": "12244",
  "City": "asd",
  "StateProvince": "232",
  "PostalCode": "21431",
  "Country": null,
  "orderType": null,
  "Vendor": "AUGEO",
  "Address_Type": null
} 
2023-01-06 11:48:18.2441 INFO {
  "response": {
    "status": {
      "success": "false",
      "code": 500,
      "message": "FAILURE"
    },
    "coupon": {
      "code": "3193",
      "description": "test",
      "valid_till": null,
      "series_info": null,
      "customer": null,
      "item_status": {
        "success": "false",
        "code": 500,
        "message": "Intouch Id can't be empty can't be empty"
      }
    }
  }
} 
2023-01-06 11:49:06.9779 INFO {
  "id": "123344",
  "intouch_series_id": "123",
  "fname": "vikas",
  "pid": "3193",
  "pname": "test",
  "lname": "vikas",
  "email_address": "vikas@vikas.com",
  "streetAddress": "12244",
  "City": "asd",
  "StateProvince": "232",
  "PostalCode": "21431",
  "Country": null,
  "orderType": null,
  "Vendor": "AUGEO",
  "Address_Type": null
} 
2023-01-06 11:49:06.9779 INFO {
  "response": {
    "status": {
      "success": "false",
      "code": 500,
      "message": "FAILURE"
    },
    "coupon": {
      "code": "3193",
      "description": "test",
      "valid_till": null,
      "series_info": null,
      "customer": null,
      "item_status": {
        "success": "false",
        "code": 500,
        "message": "Invalid Order Type"
      }
    }
  }
} 
2023-01-06 11:49:33.5223 INFO {
  "id": "123344",
  "intouch_series_id": "123",
  "fname": "vikas",
  "pid": "3193",
  "pname": "test",
  "lname": "vikas",
  "email_address": "vikas@vikas.com",
  "streetAddress": "12244",
  "City": "asd",
  "StateProvince": "232",
  "PostalCode": "21431",
  "Country": null,
  "orderType": "Physical",
  "Vendor": "AUGEO",
  "Address_Type": null
} 
2023-01-06 11:50:02.9392 INFO {
  "id": "123344",
  "intouch_series_id": "123",
  "fname": "vikas",
  "pid": "3193",
  "pname": "test",
  "lname": "vikas",
  "email_address": "vikas@vikas.com",
  "streetAddress": "12244",
  "City": "asd",
  "StateProvince": "232",
  "PostalCode": "21431",
  "Country": "US",
  "orderType": "Physical",
  "Vendor": "AUGEO",
  "Address_Type": null
} 
2023-01-06 11:50:07.3377 INFO {
  "response": {
    "status": {
      "success": "false",
      "code": 500,
      "message": "FAILURE"
    },
    "coupon": {
      "code": "3193",
      "description": "test",
      "valid_till": null,
      "series_info": null,
      "customer": null,
      "item_status": {
        "success": "false",
        "code": 500,
        "message": "Invalid Address Type"
      }
    }
  }
} 
2023-01-06 11:50:34.3224 INFO {
  "id": "123344",
  "intouch_series_id": "123",
  "fname": "vikas",
  "pid": "3193",
  "pname": "test",
  "lname": "vikas",
  "email_address": "vikas@vikas.com",
  "streetAddress": "12244",
  "City": "asd",
  "StateProvince": "232",
  "PostalCode": "21431",
  "Country": "US",
  "orderType": "Physical",
  "Vendor": "AUGEO",
  "Address_Type": null
} 
2023-01-06 11:50:45.3220 INFO {
  "response": {
    "status": {
      "success": "false",
      "code": 500,
      "message": "FAILURE"
    },
    "coupon": {
      "code": "3193",
      "description": "test",
      "valid_till": null,
      "series_info": null,
      "customer": null,
      "item_status": {
        "success": "false",
        "code": 500,
        "message": "Invalid Address Type"
      }
    }
  }
} 
2023-01-06 11:51:01.5131 INFO {
  "id": "123344",
  "intouch_series_id": "123",
  "fname": "vikas",
  "pid": "3193",
  "pname": "test",
  "lname": "vikas",
  "email_address": "vikas@vikas.com",
  "streetAddress": "12244",
  "City": "asd",
  "StateProvince": "232",
  "PostalCode": "21431",
  "Country": "US",
  "orderType": "Physical",
  "Vendor": "AUGEO",
  "Address_Type": "Billing"
} 
2023-01-06 11:51:23.2507 INFO {"access_token":"gAAAAHPFBlkFFkqdpvr1eygVujF8Ahzbf1_ZS_BRRS7GUjdQnj-6htiFfXqcZQZjp6nIY90nL1tv7Tw7NX09qM17Jtq6jAKQYBfp9LcC5NLef7QOWkd3yvAWasifF_ZFLdfjuHS9YdQgkCaJJGMIl1Y_Qtin1I9_7_e2v65knmewZiHARAEAAIAAAAA0ENDN5xAajpLfv3qbfO6wduvBzFGdmz1RN-mMGOT-YvHkwVS2Cw6fWPZtm8_r8uyw1FipogYcbmg8H3NbZJqUGVt-0ihvv826RSl3oThVZSQmBoVisp9yYWLSGkELE_QAGseeS9hu8lUPhSDifaigNFxN3Pt2SyE3zpcncc--WHNPQvmPOBgDv1WOPA5VvHxP9mA_REX9zqU-Dtj2eiHQtYFu8R6ycR8asT_C_Wkg11Ah9I-eu_G7tcQF-Q0DuMkXoXbqL5tVIPioAkbhomz6Rw_7iB6updEMyEC7BTHU5sly22j2kzfKHpKOf3Sl8CnMatZDpJE1bKz5selzabwqiN-zJ7UKbo6lTd-ma3Q_vkz1p0LvQLDBehjkluImsHxRb9Jxus5SCfUkuKkIkthEQfwepERTU91Z6yodUkwkMw","token_type":"bearer","expires_in":18000,"scope":"augeoperks"} 
2023-01-06 11:51:44.7854 INFO https://aws-api.augeocms.com/r/v1/orders 
2023-01-06 11:51:48.5243 DEBUG {
  "clientUserId": "123344",
  "clientOrderId": "88621645",
  "firstName": "vikas",
  "lastName": "vikas",
  "email": "vikas@vikas.com",
  "Address": [
    {
      "type": "Billing",
      "line1": "12244",
      "line2": "",
      "city": "asd",
      "stateISOCode": "232",
      "countryISOCode": "US",
      "zip": "21431"
    }
  ],
  "orderItems": [
    {
      "productId": "3193",
      "qty": "1"
    }
  ]
} 
2023-01-06 11:51:59.6921 ERROR System.Net.WebException: The remote server returned an error: (400) Bad Request.
   at System.Net.HttpWebRequest.GetResponse()
   at purinawrapper.apis.Models.AugeoRewardsIssue.AugeoRewardAPI(String api, String postParameters, String token) in C:\Solutions\US\Purina\purinawrapper.apis\purinawrapper.apis\Models\AugeoRewardsIssue.cs:line 93 
