2022-11-03 17:29:35.0543 INFO {"token_type":"Bearer","expires_in":3599,"ext_expires_in":3599,"access_token":"eyJ0eXAiOiJKV1QiLCJhbGciOiJSUzI1NiIsIng1dCI6IjJaUXBKM1VwYmpBWVhZR2FYRUpsOGxWMFRPSSIsImtpZCI6IjJaUXBKM1VwYmpBWVhZR2FYRUpsOGxWMFRPSSJ9.eyJhdWQiOiJhcGk6Ly8wZGRmYThiMS1jMTA3LTQ5M2MtYTkxOC00ZGRlOTAwMDczMTYiLCJpc3MiOiJodHRwczovL3N0cy53aW5kb3dzLm5ldC8xYjE5MWM4OS0xODA5LTQ2ZjEtODZkMy00ZGViZmI2Njc0NDkvIiwiaWF0IjoxNjY3NDc2NTAyLCJuYmYiOjE2Njc0NzY1MDIsImV4cCI6MTY2NzQ4MDQwMiwiYWlvIjoiRTJaZ1lBaVNGN3ZUS0tGbng4YTk2ak5mNjhFVEFBPT0iLCJhcHBpZCI6IjY5YWE2MGVlLWE5ZmUtNGQ1NS1hMDc3LWVkNzJlOWIyNTgxOSIsImFwcGlkYWNyIjoiMSIsImlkcCI6Imh0dHBzOi8vc3RzLndpbmRvd3MubmV0LzFiMTkxYzg5LTE4MDktNDZmMS04NmQzLTRkZWJmYjY2NzQ0OS8iLCJvaWQiOiI2ZDQ5NGJlMy04YjIxLTRlZjktODBjMS03MTM2Y2YwMTMzZmQiLCJyaCI6IjAuQVh3QWlSd1pHd2tZOFVhRzAwM3ItMlowU2JHbzN3MEh3VHhKcVJoTjNwQUFjeFo4QUFBLiIsInN1YiI6IjZkNDk0YmUzLThiMjEtNGVmOS04MGMxLTcxMzZjZjAxMzNmZCIsInRpZCI6IjFiMTkxYzg5LTE4MDktNDZmMS04NmQzLTRkZWJmYjY2NzQ0OSIsInV0aSI6ImZZNl8xbF9JaEVLSVNDTXBadkpMQUEiLCJ2ZXIiOiIxLjAifQ.m_YITqPUPj6IZWis3X0KXLxoI7enmtQhTs9WLTuuZwJs_ZJiQ2BsxATdfCTXXRJIhXzqe80-iSTf0YeSgXNNCxzDzWSq0qSppnyKhWbPxBRkSZ0IHelC97uqEiED1FJ8vOE1Js59lS1_XoKGfKe2gOSN5I9Fp1doGpRP1lePorWz31scp7OEHkS5fIuV-hnOfgJDEZ-KAVqy44RibsIq2cMqZ5EW4RkRJW7E6jJ0E6f784HBQQKjChmx-wBiPszocxKLBVvA4Hcn2fNh-AtYwEnkBcL_O-nhpx1FRoB4rvOfaDVXdC99T3MPFpgf4d-sMD0_0HK3axC9zV3jYwqdEw"} 
2022-11-03 17:29:36.0749 INFO {
  "Contract": {
    "ShipToCustomer": {
      "Customer": {
        "CustomerId": "00000002"
      }
    },
    "LanguageCode": "eng"
  },
  "Order": {
    "OrderId": "18910285",
    "OrderDate": "2022-11-03",
    "OrderTime": "17:29:36-4:00",
    "Overrides": {
      "Price": false,
      "Tax": false
    },
    "OrderedItem": [
      {
        "ProductId": "243354",
        "Sequence": 1,
        "Name": "dfafd",
        "Quantity": 1,
        "Price": 0
      }
    ]
  }
} 
2022-11-03 17:29:40.4210 ERROR System.NullReferenceException: Object reference not set to an instance of an object.
   at purinawrapper.apis.Controllers.RewardsController.TransactionAdd(Request req) in D:\Capillary 2022\Solutions\US\Purina\purinawrapper.apis\purinawrapper.apis\Controllers\RewardsController.cs:line 54 
2022-11-03 18:57:54.6270 INFO vikas 
2022-11-03 18:58:02.7255 DEBUG client_id=69aa60ee-a9fe-4d55-a077-ed72e9b25819&client_secret=~6jk~KKlZ~Vx7h96t3H17R_gIQVB39TKKO&grant_type=client_credentials&scope=api%3A%2F%2F0ddfa8b1-c107-493c-a918-4dde90007316%2F.default 
2022-11-03 18:59:13.0552 INFO vikas 
2022-11-03 18:59:16.0750 INFO https://login.microsoftonline.com/1b191c89-1809-46f1-86d3-4debfb667449/oauth2/v2.0/token 
2022-11-03 18:59:16.8385 ERROR System.Net.Http.HttpRequestException: Request failed with status code BadRequest
   at RestSharp.ResponseThrowExtension.ThrowIfError(RestResponse response)
   at RestSharp.RestClientExtensions.<PostAsync>d__18.MoveNext()
--- End of stack trace from previous location where exception was thrown ---
   at System.Runtime.CompilerServices.TaskAwaiter.ThrowForNonSuccess(Task task)
   at System.Runtime.CompilerServices.TaskAwaiter.HandleNonSuccessAndDebuggerNotification(Task task)
   at RestSharp.AsyncHelpers.<>c__DisplayClass1_0`1.<<RunSync>b__0>d.MoveNext()
--- End of stack trace from previous location where exception was thrown ---
   at System.Runtime.CompilerServices.TaskAwaiter.ThrowForNonSuccess(Task task)
   at System.Runtime.CompilerServices.TaskAwaiter.HandleNonSuccessAndDebuggerNotification(Task task)
   at RestSharp.AsyncHelpers.CustomSynchronizationContext.<<Run>g__PostCallback|7_0>d.MoveNext()
--- End of stack trace from previous location where exception was thrown ---
   at RestSharp.AsyncHelpers.CustomSynchronizationContext.Run()
   at RestSharp.AsyncHelpers.RunSync(Func`1 task)
   at RestSharp.AsyncHelpers.RunSync[T](Func`1 task)
   at RestSharp.RestClientExtensions.Post(RestClient client, RestRequest request)
   at purinawrapper.apis.Controllers.RewardsController.RewardAdd(Request req) in D:\Capillary 2022\Solutions\US\Purina\purinawrapper.apis\purinawrapper.apis\Controllers\RewardsController.cs:line 45 
2022-11-03 19:05:19.2963 INFO vikas 
2022-11-03 19:05:20.1500 INFO https://login.microsoftonline.com/1b191c89-1809-46f1-86d3-4debfb667449/oauth2/v2.0/token 
2022-11-03 19:29:19.5680 INFO vikas 
2022-11-03 19:29:19.5680 INFO https://login.microsoftonline.com/1b191c89-1809-46f1-86d3-4debfb667449/oauth2/v2.0/token 
2022-11-03 19:29:20.1464 ERROR System.IO.FileNotFoundException: Could not find file 'c:\token.txt'.
File name: 'c:\token.txt'
   at System.IO.__Error.WinIOError(Int32 errorCode, String maybeFullPath)
   at System.IO.FileStream.Init(String path, FileMode mode, FileAccess access, Int32 rights, Boolean useRights, FileShare share, Int32 bufferSize, FileOptions options, SECURITY_ATTRIBUTES secAttrs, String msgPath, Boolean bFromProxy, Boolean useLongPath, Boolean checkHost)
   at System.IO.FileStream..ctor(String path, FileMode mode, FileAccess access, FileShare share, Int32 bufferSize, FileOptions options, String msgPath, Boolean bFromProxy, Boolean useLongPath, Boolean checkHost)
   at System.IO.StreamReader..ctor(String path, Encoding encoding, Boolean detectEncodingFromByteOrderMarks, Int32 bufferSize, Boolean checkHost)
   at System.IO.File.InternalReadAllText(String path, Encoding encoding, Boolean checkHost)
   at System.IO.File.ReadAllText(String path)
   at purinawrapper.apis.Controllers.RewardsController.RewardAdd(Request req) in D:\Capillary 2022\Solutions\US\Purina\purinawrapper.apis\purinawrapper.apis\Controllers\RewardsController.cs:line 46 
2022-11-03 19:30:04.2730 INFO vikas 
2022-11-03 19:30:04.2870 INFO https://login.microsoftonline.com/1b191c89-1809-46f1-86d3-4debfb667449/oauth2/v2.0/token 
2022-11-03 19:30:04.4270 INFO verma 
2022-11-03 19:30:04.4270 INFO RestSharp.RestRequest 
2022-11-03 19:30:04.4995 INFO {
  "Contract": {
    "ShipToCustomer": {
      "Customer": {
        "CustomerId": "124"
      }
    },
    "LanguageCode": "eng"
  },
  "Order": {
    "OrderId": "26150953",
    "OrderDate": "2022-11-03",
    "OrderTime": "19:30:04-4:00",
    "Overrides": {
      "Price": false,
      "Tax": false
    },
    "OrderedItem": [
      {
        "ProductId": "sadasdf",
        "Sequence": 1,
        "Name": "234",
        "Quantity": 1,
        "Price": 0
      }
    ]
  }
} 
2022-11-03 19:30:25.2705 ERROR System.NullReferenceException: Object reference not set to an instance of an object.
   at purinawrapper.apis.Controllers.RewardsController.RewardAdd(Request req) in D:\Capillary 2022\Solutions\US\Purina\purinawrapper.apis\purinawrapper.apis\Controllers\RewardsController.cs:line 64 
2022-11-03 19:30:28.2621 INFO vikas 
2022-11-03 19:30:28.2621 INFO https://login.microsoftonline.com/1b191c89-1809-46f1-86d3-4debfb667449/oauth2/v2.0/token 
2022-11-03 19:30:28.2621 INFO verma 
2022-11-03 19:30:28.2621 INFO RestSharp.RestRequest 
2022-11-03 19:30:28.2621 INFO {
  "Contract": {
    "ShipToCustomer": {
      "Customer": {
        "CustomerId": "124"
      }
    },
    "LanguageCode": "eng"
  },
  "Order": {
    "OrderId": "57685738",
    "OrderDate": "2022-11-03",
    "OrderTime": "19:30:28-4:00",
    "Overrides": {
      "Price": false,
      "Tax": false
    },
    "OrderedItem": [
      {
        "ProductId": "sadasdf",
        "Sequence": 1,
        "Name": "234",
        "Quantity": 1,
        "Price": 0
      }
    ]
  }
} 
2022-11-03 19:30:36.1080 ERROR System.NullReferenceException: Object reference not set to an instance of an object.
   at purinawrapper.apis.Controllers.RewardsController.RewardAdd(Request req) in D:\Capillary 2022\Solutions\US\Purina\purinawrapper.apis\purinawrapper.apis\Controllers\RewardsController.cs:line 64 
2022-11-03 19:30:38.3265 INFO vikas 
2022-11-03 19:30:38.3265 INFO https://login.microsoftonline.com/1b191c89-1809-46f1-86d3-4debfb667449/oauth2/v2.0/token 
2022-11-03 19:30:41.0487 INFO verma 
2022-11-03 19:30:54.6799 INFO RestSharp.RestRequest 
2022-11-03 19:30:55.3360 INFO {
  "Contract": {
    "ShipToCustomer": {
      "Customer": {
        "CustomerId": "124"
      }
    },
    "LanguageCode": "eng"
  },
  "Order": {
    "OrderId": "97953478",
    "OrderDate": "2022-11-03",
    "OrderTime": "19:30:51-4:00",
    "Overrides": {
      "Price": false,
      "Tax": false
    },
    "OrderedItem": [
      {
        "ProductId": "sadasdf",
        "Sequence": 1,
        "Name": "234",
        "Quantity": 1,
        "Price": 0
      }
    ]
  }
} 
2022-11-03 19:32:05.5271 ERROR System.NullReferenceException: Object reference not set to an instance of an object.
   at purinawrapper.apis.Controllers.RewardsController.RewardAdd(Request req) in D:\Capillary 2022\Solutions\US\Purina\purinawrapper.apis\purinawrapper.apis\Controllers\RewardsController.cs:line 64 
2022-11-03 19:32:07.4923 INFO vikas 
2022-11-03 19:32:07.4923 INFO https://login.microsoftonline.com/1b191c89-1809-46f1-86d3-4debfb667449/oauth2/v2.0/token 
2022-11-03 19:32:08.6584 INFO verma 
2022-11-03 19:32:08.6584 INFO RestSharp.RestRequest 
2022-11-03 19:32:08.6584 INFO {
  "Contract": {
    "ShipToCustomer": {
      "Customer": {
        "CustomerId": "124"
      }
    },
    "LanguageCode": "eng"
  },
  "Order": {
    "OrderId": "24934421",
    "OrderDate": "2022-11-03",
    "OrderTime": "19:32:08-4:00",
    "Overrides": {
      "Price": false,
      "Tax": false
    },
    "OrderedItem": [
      {
        "ProductId": "sadasdf",
        "Sequence": 1,
        "Name": "234",
        "Quantity": 1,
        "Price": 0
      }
    ]
  }
} 
2022-11-03 19:32:18.1400 ERROR System.NullReferenceException: Object reference not set to an instance of an object.
   at purinawrapper.apis.Controllers.RewardsController.RewardAdd(Request req) in D:\Capillary 2022\Solutions\US\Purina\purinawrapper.apis\purinawrapper.apis\Controllers\RewardsController.cs:line 64 
2022-11-03 19:32:20.7570 INFO vikas 
2022-11-03 19:32:20.7570 INFO https://login.microsoftonline.com/1b191c89-1809-46f1-86d3-4debfb667449/oauth2/v2.0/token 
2022-11-03 19:32:22.4533 INFO verma 
2022-11-03 19:32:22.4533 INFO RestSharp.RestRequest 
2022-11-03 19:32:22.4533 INFO {
  "Contract": {
    "ShipToCustomer": {
      "Customer": {
        "CustomerId": "124"
      }
    },
    "LanguageCode": "eng"
  },
  "Order": {
    "OrderId": "30845635",
    "OrderDate": "2022-11-03",
    "OrderTime": "19:32:22-4:00",
    "Overrides": {
      "Price": false,
      "Tax": false
    },
    "OrderedItem": [
      {
        "ProductId": "sadasdf",
        "Sequence": 1,
        "Name": "234",
        "Quantity": 1,
        "Price": 0
      }
    ]
  }
} 
2022-11-03 19:36:41.2417 INFO vikas 
2022-11-03 19:36:41.2537 INFO https://login.microsoftonline.com/1b191c89-1809-46f1-86d3-4debfb667449/oauth2/v2.0/token 
2022-11-03 19:36:41.4236 INFO verma 
2022-11-03 19:36:41.4236 INFO RestSharp.RestRequest 
2022-11-03 19:36:41.4636 INFO {
  "Contract": {
    "ShipToCustomer": {
      "Customer": {
        "CustomerId": "124"
      }
    },
    "LanguageCode": "eng"
  },
  "Order": {
    "OrderId": "12626931",
    "OrderDate": "2022-11-03",
    "OrderTime": "19:36:41-4:00",
    "Overrides": {
      "Price": false,
      "Tax": false
    },
    "OrderedItem": [
      {
        "ProductId": "sadasdf",
        "Sequence": 1,
        "Name": "234",
        "Quantity": 1,
        "Price": 0
      }
    ]
  }
} 
2022-11-03 19:36:48.6525 ERROR System.ArgumentException: The 'Content-Type' header must be modified using the appropriate property or method.
Parameter name: name
   at System.Net.WebHeaderCollection.ThrowOnRestrictedHeader(String headerName)
   at System.Net.WebHeaderCollection.Add(String name, String value)
   at purinawrapper.apis.Controllers.RewardsController.IntouchMakeRequest(String api, String postParameters, String token) in D:\Capillary 2022\Solutions\US\Purina\purinawrapper.apis\purinawrapper.apis\Controllers\RewardsController.cs:line 182 
2022-11-03 19:36:55.7058 ERROR System.NullReferenceException: Object reference not set to an instance of an object.
   at purinawrapper.apis.Controllers.RewardsController.RewardAdd(Request req) in D:\Capillary 2022\Solutions\US\Purina\purinawrapper.apis\purinawrapper.apis\Controllers\RewardsController.cs:line 64 
2022-11-03 19:36:59.4327 INFO vikas 
2022-11-03 19:36:59.4327 INFO https://login.microsoftonline.com/1b191c89-1809-46f1-86d3-4debfb667449/oauth2/v2.0/token 
2022-11-03 19:36:59.4327 INFO verma 
2022-11-03 19:36:59.4327 INFO RestSharp.RestRequest 
2022-11-03 19:36:59.4327 INFO {
  "Contract": {
    "ShipToCustomer": {
      "Customer": {
        "CustomerId": "124"
      }
    },
    "LanguageCode": "eng"
  },
  "Order": {
    "OrderId": "71635917",
    "OrderDate": "2022-11-03",
    "OrderTime": "19:36:59-4:00",
    "Overrides": {
      "Price": false,
      "Tax": false
    },
    "OrderedItem": [
      {
        "ProductId": "sadasdf",
        "Sequence": 1,
        "Name": "234",
        "Quantity": 1,
        "Price": 0
      }
    ]
  }
} 
2022-11-03 19:37:30.7892 ERROR System.ArgumentException: The 'Content-Type' header must be modified using the appropriate property or method.
Parameter name: name
   at System.Net.WebHeaderCollection.ThrowOnRestrictedHeader(String headerName)
   at System.Net.WebHeaderCollection.Add(String name, String value)
   at purinawrapper.apis.Controllers.RewardsController.IntouchMakeRequest(String api, String postParameters, String token) in D:\Capillary 2022\Solutions\US\Purina\purinawrapper.apis\purinawrapper.apis\Controllers\RewardsController.cs:line 182 
2022-11-03 19:37:31.6536 ERROR System.NullReferenceException: Object reference not set to an instance of an object.
   at purinawrapper.apis.Controllers.RewardsController.RewardAdd(Request req) in D:\Capillary 2022\Solutions\US\Purina\purinawrapper.apis\purinawrapper.apis\Controllers\RewardsController.cs:line 64 
2022-11-03 19:37:36.2759 INFO vikas 
2022-11-03 19:37:36.2759 INFO https://login.microsoftonline.com/1b191c89-1809-46f1-86d3-4debfb667449/oauth2/v2.0/token 
2022-11-03 19:37:36.2759 INFO verma 
2022-11-03 19:37:36.2759 INFO RestSharp.RestRequest 
2022-11-03 19:37:36.2759 INFO {
  "Contract": {
    "ShipToCustomer": {
      "Customer": {
        "CustomerId": "124"
      }
    },
    "LanguageCode": "eng"
  },
  "Order": {
    "OrderId": "93080755",
    "OrderDate": "2022-11-03",
    "OrderTime": "19:37:36-4:00",
    "Overrides": {
      "Price": false,
      "Tax": false
    },
    "OrderedItem": [
      {
        "ProductId": "sadasdf",
        "Sequence": 1,
        "Name": "234",
        "Quantity": 1,
        "Price": 0
      }
    ]
  }
} 
2022-11-03 19:37:42.1508 ERROR System.ArgumentException: The 'Content-Type' header must be modified using the appropriate property or method.
Parameter name: name
   at System.Net.WebHeaderCollection.ThrowOnRestrictedHeader(String headerName)
   at System.Net.WebHeaderCollection.Add(String name, String value)
   at purinawrapper.apis.Controllers.RewardsController.IntouchMakeRequest(String api, String postParameters, String token) in D:\Capillary 2022\Solutions\US\Purina\purinawrapper.apis\purinawrapper.apis\Controllers\RewardsController.cs:line 182 
2022-11-03 19:37:43.9671 ERROR System.NullReferenceException: Object reference not set to an instance of an object.
   at purinawrapper.apis.Controllers.RewardsController.RewardAdd(Request req) in D:\Capillary 2022\Solutions\US\Purina\purinawrapper.apis\purinawrapper.apis\Controllers\RewardsController.cs:line 64 
2022-11-03 19:38:18.7497 INFO vikas 
2022-11-03 19:38:18.7588 INFO https://login.microsoftonline.com/1b191c89-1809-46f1-86d3-4debfb667449/oauth2/v2.0/token 
2022-11-03 19:38:18.8805 INFO verma 
2022-11-03 19:38:18.8805 INFO RestSharp.RestRequest 
2022-11-03 19:38:18.9325 INFO {
  "Contract": {
    "ShipToCustomer": {
      "Customer": {
        "CustomerId": "124"
      }
    },
    "LanguageCode": "eng"
  },
  "Order": {
    "OrderId": "94899861",
    "OrderDate": "2022-11-03",
    "OrderTime": "19:38:18-4:00",
    "Overrides": {
      "Price": false,
      "Tax": false
    },
    "OrderedItem": [
      {
        "ProductId": "sadasdf",
        "Sequence": 1,
        "Name": "234",
        "Quantity": 1,
        "Price": 0
      }
    ]
  }
} 
2022-11-03 19:38:25.4891 DEBUG {
  "Contract": {
    "ShipToCustomer": {
      "Customer": {
        "CustomerId": "124"
      }
    },
    "LanguageCode": "eng"
  },
  "Order": {
    "OrderId": "94899861",
    "OrderDate": "2022-11-03",
    "OrderTime": "19:38:18-4:00",
    "Overrides": {
      "Price": false,
      "Tax": false
    },
    "OrderedItem": [
      {
        "ProductId": "sadasdf",
        "Sequence": 1,
        "Name": "234",
        "Quantity": 1,
        "Price": 0
      }
    ]
  }
} 
