2022-11-05 08:54:46.6174 INFO vikas 
2022-11-05 08:54:46.6174 INFO https://login.microsoftonline.com/1b191c89-1809-46f1-86d3-4debfb667449/oauth2/v2.0/token 
2022-11-05 08:54:49.5257 ERROR System.Net.Http.HttpRequestException: Request failed with status code BadRequest
   at RestSharp.ResponseThrowExtension.ThrowIfError(RestResponse response)
   at RestSharp.RestClientExtensions.<PostAsync>d__18.MoveNext()
--- End of stack trace from previous location where exception was thrown ---
   at System.Runtime.CompilerServices.TaskAwaiter.ThrowForNonSuccess(Task task)
   at System.Runtime.CompilerServices.TaskAwaiter.HandleNonSuccessAndDebuggerNotification(Task task)
   at RestSharp.AsyncHelpers.<>c__DisplayClass1_0`1.<<RunSync>b__0>d.MoveNext()
--- End of stack trace from previous location where exception was thrown ---
   at System.Runtime.CompilerServices.TaskAwaiter.ThrowForNonSuccess(Task task)
   at System.Runtime.CompilerServices.TaskAwaiter.HandleNonSuccessAndDebuggerNotification(Task task)
   at RestSharp.AsyncHelpers.CustomSynchronizationContext.<<Run>g__PostCallback|7_0>d.MoveNext()
--- End of stack trace from previous location where exception was thrown ---
   at RestSharp.AsyncHelpers.CustomSynchronizationContext.Run()
   at RestSharp.AsyncHelpers.RunSync(Func`1 task)
   at RestSharp.AsyncHelpers.RunSync[T](Func`1 task)
   at RestSharp.RestClientExtensions.Post(RestClient client, RestRequest request)
   at purinawrapper.apis.Controllers.RewardsController.RewardAdd(Request req) in D:\Capillary 2022\Solutions\US\Purina\purinawrapper.apis\purinawrapper.apis\Controllers\RewardsController.cs:line 70 
2022-11-05 08:54:49.6326 ERROR System.IO.FileNotFoundException: Could not find file 'c:\token.txt'.
File name: 'c:\token.txt'
   at System.IO.__Error.WinIOError(Int32 errorCode, String maybeFullPath)
   at System.IO.FileStream.Init(String path, FileMode mode, FileAccess access, Int32 rights, Boolean useRights, FileShare share, Int32 bufferSize, FileOptions options, SECURITY_ATTRIBUTES secAttrs, String msgPath, Boolean bFromProxy, Boolean useLongPath, Boolean checkHost)
   at System.IO.FileStream..ctor(String path, FileMode mode, FileAccess access, FileShare share, Int32 bufferSize, FileOptions options, String msgPath, Boolean bFromProxy, Boolean useLongPath, Boolean checkHost)
   at System.IO.StreamReader..ctor(String path, Encoding encoding, Boolean detectEncodingFromByteOrderMarks, Int32 bufferSize, Boolean checkHost)
   at System.IO.File.InternalReadAllText(String path, Encoding encoding, Boolean checkHost)
   at System.IO.File.ReadAllText(String path)
   at purinawrapper.apis.Controllers.RewardsController.RewardAdd(Request req) in D:\Capillary 2022\Solutions\US\Purina\purinawrapper.apis\purinawrapper.apis\Controllers\RewardsController.cs:line 77 
2022-11-05 08:54:49.6326 INFO {
  "response": {
    "status": {
      "success": "false",
      "code": 500,
      "message": "FAILURE"
    },
    "coupon": {
      "code": null,
      "description": null,
      "valid_till": null,
      "series_info": null,
      "customer": {
        "external_id": "1692111",
        "user_id": null
      },
      "item_status": {
        "success": "false",
        "code": 600,
        "message": "Coupon processing failed"
      }
    }
  }
} 
2022-11-05 08:57:12.2656 INFO vikas 
2022-11-05 08:57:12.2706 INFO https://login.microsoftonline.com/1b191c89-1809-46f1-86d3-4debfb667449/oauth2/v2.0/token 
2022-11-05 08:57:15.7496 ERROR System.Net.Http.HttpRequestException: Request failed with status code BadRequest
   at RestSharp.ResponseThrowExtension.ThrowIfError(RestResponse response)
   at RestSharp.RestClientExtensions.<PostAsync>d__18.MoveNext()
--- End of stack trace from previous location where exception was thrown ---
   at System.Runtime.CompilerServices.TaskAwaiter.ThrowForNonSuccess(Task task)
   at System.Runtime.CompilerServices.TaskAwaiter.HandleNonSuccessAndDebuggerNotification(Task task)
   at RestSharp.AsyncHelpers.<>c__DisplayClass1_0`1.<<RunSync>b__0>d.MoveNext()
--- End of stack trace from previous location where exception was thrown ---
   at System.Runtime.CompilerServices.TaskAwaiter.ThrowForNonSuccess(Task task)
   at System.Runtime.CompilerServices.TaskAwaiter.HandleNonSuccessAndDebuggerNotification(Task task)
   at RestSharp.AsyncHelpers.CustomSynchronizationContext.<<Run>g__PostCallback|7_0>d.MoveNext()
--- End of stack trace from previous location where exception was thrown ---
   at RestSharp.AsyncHelpers.CustomSynchronizationContext.Run()
   at RestSharp.AsyncHelpers.RunSync(Func`1 task)
   at RestSharp.AsyncHelpers.RunSync[T](Func`1 task)
   at RestSharp.RestClientExtensions.Post(RestClient client, RestRequest request)
   at purinawrapper.apis.Controllers.RewardsController.RewardAdd(Request req) in D:\Capillary 2022\Solutions\US\Purina\purinawrapper.apis\purinawrapper.apis\Controllers\RewardsController.cs:line 70 
2022-11-05 08:57:15.8426 ERROR System.IO.FileNotFoundException: Could not find file 'c:\token.txt'.
File name: 'c:\token.txt'
   at System.IO.__Error.WinIOError(Int32 errorCode, String maybeFullPath)
   at System.IO.FileStream.Init(String path, FileMode mode, FileAccess access, Int32 rights, Boolean useRights, FileShare share, Int32 bufferSize, FileOptions options, SECURITY_ATTRIBUTES secAttrs, String msgPath, Boolean bFromProxy, Boolean useLongPath, Boolean checkHost)
   at System.IO.FileStream..ctor(String path, FileMode mode, FileAccess access, FileShare share, Int32 bufferSize, FileOptions options, String msgPath, Boolean bFromProxy, Boolean useLongPath, Boolean checkHost)
   at System.IO.StreamReader..ctor(String path, Encoding encoding, Boolean detectEncodingFromByteOrderMarks, Int32 bufferSize, Boolean checkHost)
   at System.IO.File.InternalReadAllText(String path, Encoding encoding, Boolean checkHost)
   at System.IO.File.ReadAllText(String path)
   at purinawrapper.apis.Controllers.RewardsController.RewardAdd(Request req) in D:\Capillary 2022\Solutions\US\Purina\purinawrapper.apis\purinawrapper.apis\Controllers\RewardsController.cs:line 77 
2022-11-05 08:57:15.8536 INFO {
  "response": {
    "status": {
      "success": "false",
      "code": 500,
      "message": "FAILURE"
    },
    "coupon": {
      "code": null,
      "description": null,
      "valid_till": null,
      "series_info": null,
      "customer": {
        "external_id": null,
        "user_id": null
      },
      "item_status": {
        "success": "false",
        "code": 600,
        "message": "Coupon processing failed"
      }
    }
  }
} 
2022-11-05 09:00:40.5419 INFO vikas 
2022-11-05 09:00:40.5419 INFO https://login.microsoftonline.com/1b191c89-1809-46f1-86d3-4debfb667449/oauth2/v2.0/token 
2022-11-05 09:00:51.3315 ERROR System.Net.Http.HttpRequestException: Request failed with status code BadRequest
   at RestSharp.ResponseThrowExtension.ThrowIfError(RestResponse response)
   at RestSharp.RestClientExtensions.<PostAsync>d__18.MoveNext()
--- End of stack trace from previous location where exception was thrown ---
   at System.Runtime.CompilerServices.TaskAwaiter.ThrowForNonSuccess(Task task)
   at System.Runtime.CompilerServices.TaskAwaiter.HandleNonSuccessAndDebuggerNotification(Task task)
   at RestSharp.AsyncHelpers.<>c__DisplayClass1_0`1.<<RunSync>b__0>d.MoveNext()
--- End of stack trace from previous location where exception was thrown ---
   at System.Runtime.CompilerServices.TaskAwaiter.ThrowForNonSuccess(Task task)
   at System.Runtime.CompilerServices.TaskAwaiter.HandleNonSuccessAndDebuggerNotification(Task task)
   at RestSharp.AsyncHelpers.CustomSynchronizationContext.<<Run>g__PostCallback|7_0>d.MoveNext()
--- End of stack trace from previous location where exception was thrown ---
   at RestSharp.AsyncHelpers.CustomSynchronizationContext.Run()
   at RestSharp.AsyncHelpers.RunSync(Func`1 task)
   at RestSharp.AsyncHelpers.RunSync[T](Func`1 task)
   at RestSharp.RestClientExtensions.Post(RestClient client, RestRequest request)
   at purinawrapper.apis.Controllers.RewardsController.RewardAdd(Request req) in D:\Capillary 2022\Solutions\US\Purina\purinawrapper.apis\purinawrapper.apis\Controllers\RewardsController.cs:line 87 
2022-11-05 09:00:51.4020 ERROR System.IO.FileNotFoundException: Could not find file 'c:\token.txt'.
File name: 'c:\token.txt'
   at System.IO.__Error.WinIOError(Int32 errorCode, String maybeFullPath)
   at System.IO.FileStream.Init(String path, FileMode mode, FileAccess access, Int32 rights, Boolean useRights, FileShare share, Int32 bufferSize, FileOptions options, SECURITY_ATTRIBUTES secAttrs, String msgPath, Boolean bFromProxy, Boolean useLongPath, Boolean checkHost)
   at System.IO.FileStream..ctor(String path, FileMode mode, FileAccess access, FileShare share, Int32 bufferSize, FileOptions options, String msgPath, Boolean bFromProxy, Boolean useLongPath, Boolean checkHost)
   at System.IO.StreamReader..ctor(String path, Encoding encoding, Boolean detectEncodingFromByteOrderMarks, Int32 bufferSize, Boolean checkHost)
   at System.IO.File.InternalReadAllText(String path, Encoding encoding, Boolean checkHost)
   at System.IO.File.ReadAllText(String path)
   at purinawrapper.apis.Controllers.RewardsController.RewardAdd(Request req) in D:\Capillary 2022\Solutions\US\Purina\purinawrapper.apis\purinawrapper.apis\Controllers\RewardsController.cs:line 94 
2022-11-05 09:00:51.4120 INFO {
  "response": {
    "status": {
      "success": "false",
      "code": 500,
      "message": "FAILURE"
    },
    "coupon": {
      "code": null,
      "description": null,
      "valid_till": null,
      "series_info": null,
      "customer": {
        "external_id": null,
        "user_id": null
      },
      "item_status": {
        "success": "false",
        "code": 600,
        "message": "Customer ID can't be empty"
      }
    }
  }
} 
2022-11-05 09:00:57.5043 INFO vikas 
2022-11-05 09:01:06.1788 INFO https://login.microsoftonline.com/1b191c89-1809-46f1-86d3-4debfb667449/oauth2/v2.0/token 
2022-11-05 09:01:07.3349 ERROR System.Net.Http.HttpRequestException: Request failed with status code BadRequest
   at RestSharp.ResponseThrowExtension.ThrowIfError(RestResponse response)
   at RestSharp.RestClientExtensions.<PostAsync>d__18.MoveNext()
--- End of stack trace from previous location where exception was thrown ---
   at System.Runtime.CompilerServices.TaskAwaiter.ThrowForNonSuccess(Task task)
   at System.Runtime.CompilerServices.TaskAwaiter.HandleNonSuccessAndDebuggerNotification(Task task)
   at RestSharp.AsyncHelpers.<>c__DisplayClass1_0`1.<<RunSync>b__0>d.MoveNext()
--- End of stack trace from previous location where exception was thrown ---
   at System.Runtime.CompilerServices.TaskAwaiter.ThrowForNonSuccess(Task task)
   at System.Runtime.CompilerServices.TaskAwaiter.HandleNonSuccessAndDebuggerNotification(Task task)
   at RestSharp.AsyncHelpers.CustomSynchronizationContext.<<Run>g__PostCallback|7_0>d.MoveNext()
--- End of stack trace from previous location where exception was thrown ---
   at RestSharp.AsyncHelpers.CustomSynchronizationContext.Run()
   at RestSharp.AsyncHelpers.RunSync(Func`1 task)
   at RestSharp.AsyncHelpers.RunSync[T](Func`1 task)
   at RestSharp.RestClientExtensions.Post(RestClient client, RestRequest request)
   at purinawrapper.apis.Controllers.RewardsController.RewardAdd(Request req) in D:\Capillary 2022\Solutions\US\Purina\purinawrapper.apis\purinawrapper.apis\Controllers\RewardsController.cs:line 87 
2022-11-05 09:01:07.3919 ERROR System.IO.FileNotFoundException: Could not find file 'c:\token.txt'.
File name: 'c:\token.txt'
   at System.IO.__Error.WinIOError(Int32 errorCode, String maybeFullPath)
   at System.IO.FileStream.Init(String path, FileMode mode, FileAccess access, Int32 rights, Boolean useRights, FileShare share, Int32 bufferSize, FileOptions options, SECURITY_ATTRIBUTES secAttrs, String msgPath, Boolean bFromProxy, Boolean useLongPath, Boolean checkHost)
   at System.IO.FileStream..ctor(String path, FileMode mode, FileAccess access, FileShare share, Int32 bufferSize, FileOptions options, String msgPath, Boolean bFromProxy, Boolean useLongPath, Boolean checkHost)
   at System.IO.StreamReader..ctor(String path, Encoding encoding, Boolean detectEncodingFromByteOrderMarks, Int32 bufferSize, Boolean checkHost)
   at System.IO.File.InternalReadAllText(String path, Encoding encoding, Boolean checkHost)
   at System.IO.File.ReadAllText(String path)
   at purinawrapper.apis.Controllers.RewardsController.RewardAdd(Request req) in D:\Capillary 2022\Solutions\US\Purina\purinawrapper.apis\purinawrapper.apis\Controllers\RewardsController.cs:line 94 
2022-11-05 09:01:07.3919 INFO {
  "response": {
    "status": {
      "success": "false",
      "code": 500,
      "message": "FAILURE"
    },
    "coupon": {
      "code": null,
      "description": null,
      "valid_till": null,
      "series_info": null,
      "customer": {
        "external_id": null,
        "user_id": null
      },
      "item_status": {
        "success": "false",
        "code": 600,
        "message": "Customer ID can't be empty"
      }
    }
  }
} 
2022-11-05 09:02:13.4008 INFO vikas 
2022-11-05 09:02:14.6315 INFO vikas 
2022-11-09 21:48:34.2458 INFO vikas 
