2022-12-06 15:28:34.3935 INFO {
  "id": "1692111",
  "intouch_series_id": "14870",
  "fname": "vikas",
  "pid": "3193",
  "pname": "3193",
  "lname": "vikas",
  "email_address": "vikas+verma@gmail.com",
  "streetAddress": "12244",
  "City": "asd",
  "StateProvince": "232",
  "PostalCode": "21431",
  "Country": "244",
  "orderType": "Digital",
  "Vendor": "AUGEO",
  "Address_Type": "Shipping"
} 
2022-12-06 15:28:42.5412 INFO {"access_token":"gAAAAF2k9atI156z8GeNei-eu1K1UdPlCkLI0IrhRGqCMfhDsjPkeno1ySnwRoBzC-FpX5weTUG3x0aKcmn6BQkrLuYvr_Hc-lY3j4SSY9sJsDmgUFu2e93quoAO5RN7FSlj8nOLcHcttL1Z2Rb97zxyW_JspgNzHho9K4eNz_CegBLERAEAAIAAAAChtuK-5iDbSEh-olf8IN8DK33sHMO2EAMZzsMToZ9LsCASNgb2vyfKcu3-ZgsibEV4uX3IoWCbP5iTxXRoSJsyVLW5p3tea_A3CjEk-UT8jRU6MRA85uHHNUZtCNgQAVwdD1KB1cO1i49NkJaXBQDMtpyS92_RpIcBDeyAvQFdZILZ690IBV-HyZs34xclvsia1VBfFwazjXbaQHDnGoGqrbPW-AYtQZmimmrdmA9qd-m7y4hihZUbZuRoHyLb-JUbJlWVIa0YNrZ5TtS-FmFBAamae_5zq8h71Fdh_ghAqVgvyDzl3RJfDOddA2oUJrs3Rr6v6lFV4bfgfjKhQ_sNYXpJu2vBK1JTchiGz665bAOyh0VEoyatIlD-QcoV6J00c1hBcRBshtGH8m6GxNLa_m_eigc1kx_rbqezecHyqQ","token_type":"bearer","expires_in":18000,"scope":"augeoperks"} 
2022-12-06 15:28:44.1190 INFO https://aws-api.uat.augeocms.com/r/v1/orders 
2022-12-06 15:28:45.5425 DEBUG {
  "clientUserId": "1692111",
  "clientOrderId": "10790315",
  "firstName": "vikas",
  "lastName": "vikas",
  "email": "vikas+verma@gmail.com",
  "Address": [
    {
      "type": "Shipping",
      "line1": "12244",
      "line2": "",
      "city": "asd",
      "stateISOCode": "232",
      "countryISOCode": "US",
      "zip": "21431"
    }
  ],
  "orderItems": [
    {
      "productId": "3193",
      "qty": "1"
    }
  ]
} 
2022-12-06 15:28:51.1060 INFO {"AugeoOrderId":73644,"AugeoUserId":86781,"ClientCustomFields":{}} 
2022-12-06 15:28:51.1060 DEBUG d12 {"AugeoOrderId":73644,"AugeoUserId":86781,"ClientCustomFields":{}} 
2022-12-06 15:28:51.1134 INFO {
  "response": {
    "status": {
      "success": "true",
      "code": 200,
      "message": "{\"AugeoOrderId\":73644,\"AugeoUserId\":86781,\"ClientCustomFields\":{}}"
    },
    "coupon": {
      "code": "3193",
      "description": "3193",
      "valid_till": null,
      "series_info": null,
      "customer": null,
      "item_status": {
        "success": "true",
        "code": 700,
        "message": "User 86781's Order Id 73644"
      }
    }
  }
} 
2022-12-06 16:02:07.7705 INFO {
  "id": "1692111",
  "intouch_series_id": "14870",
  "fname": "vikas",
  "pid": null,
  "pname": null,
  "lname": "vikas",
  "email_address": "vikas+verma@gmail.com",
  "streetAddress": "12244",
  "City": "asd",
  "StateProvince": "232",
  "PostalCode": "21431",
  "Country": "244",
  "orderType": "Digital",
  "Vendor": "AUGEO",
  "Address_Type": "Shipping"
} 
2022-12-06 16:02:07.7879 INFO {
  "response": {
    "status": {
      "success": null,
      "code": 0,
      "message": null
    },
    "coupon": {
      "code": null,
      "description": null,
      "valid_till": null,
      "series_info": null,
      "customer": null,
      "item_status": {
        "success": null,
        "code": 0,
        "message": "Product Id can't be empty"
      }
    }
  }
} 
2022-12-06 16:02:17.3280 INFO {
  "id": "1692111",
  "intouch_series_id": "14870",
  "fname": "vikas",
  "pid": "31913",
  "pname": "3193",
  "lname": "vikas",
  "email_address": "vikas+verma@gmail.com",
  "streetAddress": "12244",
  "City": "asd",
  "StateProvince": "232",
  "PostalCode": "21431",
  "Country": "244",
  "orderType": "Digital",
  "Vendor": "AUGEO",
  "Address_Type": "Shipping"
} 
2022-12-06 16:02:36.7665 INFO {"access_token":"gAAAADykyipHivXiRkoIL5b0NlpidvpU34Ymsy1F6zxSqiwUp5ej3ZAOUotout3bNdqs--m5FURa9duWsc0EVnLJMJCwvobfHAvUKFjaOUX_GujAXvlQbd17tyCy2fZJJ_2t9S2AVAa84SaApHGQw0gZNDW2YDtqURuWNotOCRdNs7waRAEAAIAAAAAj7-vt9IeDwBP4KLxzYgxYyRzsqDnR4TeJN7RyPeM4BZqpOg3nBi3He7xgAY3M5snM9aXkicLV3O3iaGgvT8w6Yi3q6Dp15jtij94U5g8AqynHnGZTwEOD2IdJhEEWaIUeyX3mS4fmDhTzhs7GHlZSgqiOozDrP8LGknpMoOvC_vElfjU9mlFDsgutN29Dkp62tx-_0Le9J7CDP5-uYSZqJ5tDQWT1X8vRpoH9qStGUarAQJlo1hXfUPFsnUDPn7HJb9fJyZRD71DwvfaDW1egksD9qJ8nljY0W2A4LE-2jTmXOmD0ctUxsjtH05ud0Jka2R3ILVcAg22Ez01LjaELo2HNurQTB9oOSsCvQA7a7v8Be2vqr1Gv0b7enOAipqLIIg-hJShPHISLWloIuObG5e1GO5ngWWTPifcT0lqqRw","token_type":"bearer","expires_in":18000,"scope":"augeoperks"} 
2022-12-06 16:02:39.5046 INFO https://aws-api.uat.augeocms.com/r/v1/orders 
2022-12-06 16:02:40.1888 DEBUG {
  "clientUserId": "1692111",
  "clientOrderId": "48938408",
  "firstName": "vikas",
  "lastName": "vikas",
  "email": "vikas+verma@gmail.com",
  "Address": [
    {
      "type": "Shipping",
      "line1": "12244",
      "line2": "",
      "city": "asd",
      "stateISOCode": "232",
      "countryISOCode": "US",
      "zip": "21431"
    }
  ],
  "orderItems": [
    {
      "productId": "31913",
      "qty": "1"
    }
  ]
} 
2022-12-06 16:02:49.2173 ERROR System.Net.WebException: The remote server returned an error: (400) Bad Request.
   at System.Net.HttpWebRequest.GetResponse()
   at purinawrapper.apis.Models.AugeoRewardsIssue.AugeoRewardAPI(String api, String postParameters, String token) in C:\Solutions\US\Purina\purinawrapper.apis\purinawrapper.apis\Models\AugeoRewardsIssue.cs:line 93 
2022-12-06 16:02:49.2173 DEBUG d12 {"ErrorCode":"AUG003","ErrorDetails":"Product not found in this catalog with ID 31913.","ErrorMessage":"Product not found","Status":"ERROR"} 
2022-12-06 16:02:49.2254 INFO {
  "response": {
    "status": {
      "success": "true",
      "code": 200,
      "message": "{\"ErrorCode\":\"AUG003\",\"ErrorDetails\":\"Product not found in this catalog with ID 31913.\",\"ErrorMessage\":\"Product not found\",\"Status\":\"ERROR\"}"
    },
    "coupon": {
      "code": "31913",
      "description": "3193",
      "valid_till": null,
      "series_info": null,
      "customer": null,
      "item_status": {
        "success": "true",
        "code": 700,
        "message": "User 0's Order Id 0"
      }
    }
  }
} 
2022-12-06 16:03:10.9910 INFO {
  "id": "1692111",
  "intouch_series_id": "14870",
  "fname": "vikas",
  "pid": "31913",
  "pname": "3193",
  "lname": "vikas",
  "email_address": "vikas+verma@gmail.com",
  "streetAddress": "12244",
  "City": "asd",
  "StateProvince": "232",
  "PostalCode": "21431",
  "Country": "244",
  "orderType": "Digital",
  "Vendor": "AUGEO",
  "Address_Type": "Shipping"
} 
2022-12-06 16:03:15.2202 INFO {"access_token":"gAAAAIgfmwCoDeg7SJi_NADXMsXsQppvIU1lL8ioMCv3C02XoJG8EdlLdI0E2y1SkGiOIS-UQINyl7cxlCuyf-M5QjPxwKuGSPhOP5DjfU_KwrGd91ZuX94aVXavZBe_4f9597607VEf5FQmJ2QLR0umliRZoV4iGiumjVdaQHY09hkoRAEAAIAAAABVdfjwXov0h-p8O5-g8n0bysti8v5XB7uieXrSAnhGuhIje7WZA7xqxsxaD3UgrwdibPQB3QT9rJDHPo5__SnbRAn7-3QoViTT-KK3d1d7WdytXD5fqufewB4xJwAO5JdMtFJHdAWtS3XaG4Wq3PRmTJOoQwFGzJjBm3t0JWVchG34H1yWFHh6V7SJjFL_tBDb5ADgWTtMrXMsnBoUgXzVb1gQ5XedyMpCfjIBUgyRa2n45z5KrG1WE6LjxSeMxrvp_jDZMtMrIlXY6ujbZO5e9uQV3LySdpR7MGd7IMf_FTtr73yxzYKrxBuYrJ4WLryexVhcoQs_v46ZMqpBNzAw_TrVPw3-efkCenDKs4aG7jNlT73Ag6-s_RD-YibCj9VtAJm3PzXRtCl7OL1cgNI5MwauUNGxWTa1sgrx5D7UrQ","token_type":"bearer","expires_in":18000,"scope":"augeoperks"} 
2022-12-06 16:03:16.2796 INFO https://aws-api.uat.augeocms.com/r/v1/orders 
2022-12-06 16:03:16.8857 DEBUG {
  "clientUserId": "1692111",
  "clientOrderId": "78231714",
  "firstName": "vikas",
  "lastName": "vikas",
  "email": "vikas+verma@gmail.com",
  "Address": [
    {
      "type": "Shipping",
      "line1": "12244",
      "line2": "",
      "city": "asd",
      "stateISOCode": "232",
      "countryISOCode": "US",
      "zip": "21431"
    }
  ],
  "orderItems": [
    {
      "productId": "31913",
      "qty": "1"
    }
  ]
} 
2022-12-06 16:03:37.3187 ERROR System.Net.WebException: The remote server returned an error: (400) Bad Request.
   at System.Net.HttpWebRequest.GetResponse()
   at purinawrapper.apis.Models.AugeoRewardsIssue.AugeoRewardAPI(String api, String postParameters, String token) in C:\Solutions\US\Purina\purinawrapper.apis\purinawrapper.apis\Models\AugeoRewardsIssue.cs:line 93 
2022-12-06 16:03:37.3187 DEBUG d12 {"ErrorCode":"AUG003","ErrorDetails":"Product not found in this catalog with ID 31913.","ErrorMessage":"Product not found","Status":"ERROR"} 
2022-12-06 16:03:47.1692 INFO {
  "response": {
    "status": {
      "success": "true",
      "code": 200,
      "message": "{\"ErrorCode\":\"AUG003\",\"ErrorDetails\":\"Product not found in this catalog with ID 31913.\",\"ErrorMessage\":\"Product not found\",\"Status\":\"ERROR\"}"
    },
    "coupon": {
      "code": "31913",
      "description": "3193",
      "valid_till": null,
      "series_info": null,
      "customer": null,
      "item_status": {
        "success": "true",
        "code": 700,
        "message": "User 0's Order Id 0"
      }
    }
  }
} 
2022-12-06 16:03:50.7272 INFO {
  "id": "1692111",
  "intouch_series_id": "14870",
  "fname": "vikas",
  "pid": "31913",
  "pname": "3193",
  "lname": "vikas",
  "email_address": "vikas+verma@gmail.com",
  "streetAddress": "12244",
  "City": "asd",
  "StateProvince": "232",
  "PostalCode": "21431",
  "Country": "244",
  "orderType": "Digital",
  "Vendor": "AUGEO",
  "Address_Type": "Shipping"
} 
2022-12-06 16:03:54.4395 INFO {"access_token":"gAAAAAit_CcVR9f7V-C7J6pFNiOsOplGGHJuqVFPlg7R9LyR7_XJ7YrkS-0xrLDG92N2pAJFfX1BonQ-jfgzWntpgIXTBdpXEsb9vsZsFHhcnwM3TRai64td7yJc7OaOKpipRC-heBh8ECE5Bh-bguQqx2nKhPac7ye1FGVMjX7Sz3e_RAEAAIAAAACV5YvPxlsuACfoixilgdv_r_7OCzyKHiBNs3wBfu86JJUnmEpy2MNljKBN7ALY8_9PXj-jTFEJcRcgJZfXsvCbby6mvCOfoaMm1NaOQtBO5kXMfbe8mg4Fc6Nap11mAT6GQRiG5StAS_8V6k21fd-wy5vzpQiimXjxQOMM-0H69nOzYq9emlhU5CS_EbxEshkwZiPitMBaLt6guyFROCMu-SXR5aG0oCWN6LPRTnI_RPfRjxnkW2u6p2J1fOONKX15LEXrk542JHOGqMmHh7agE1RN9oV-5ahH01GDqGT57WvJgpjSYOlgC9DF0WbzZSbuaBjueWSlEFaH1po7Vb1VAJhc0sgumtUJRbZiU07iV2Vj7AhzrdGOHvdpUUDKL-mPtqHWbgvQto59rNkoZmDJ9G8afYt8ZoQG_7WHwY3Ncw","token_type":"bearer","expires_in":18000,"scope":"augeoperks"} 
2022-12-06 16:03:55.5224 INFO https://aws-api.uat.augeocms.com/r/v1/orders 
2022-12-06 16:03:56.2570 DEBUG {
  "clientUserId": "1692111",
  "clientOrderId": "95654087",
  "firstName": "vikas",
  "lastName": "vikas",
  "email": "vikas+verma@gmail.com",
  "Address": [
    {
      "type": "Shipping",
      "line1": "12244",
      "line2": "",
      "city": "asd",
      "stateISOCode": "232",
      "countryISOCode": "US",
      "zip": "21431"
    }
  ],
  "orderItems": [
    {
      "productId": "31913",
      "qty": "1"
    }
  ]
} 
2022-12-06 16:03:59.0473 ERROR System.Net.WebException: The remote server returned an error: (400) Bad Request.
   at System.Net.HttpWebRequest.GetResponse()
   at purinawrapper.apis.Models.AugeoRewardsIssue.AugeoRewardAPI(String api, String postParameters, String token) in C:\Solutions\US\Purina\purinawrapper.apis\purinawrapper.apis\Models\AugeoRewardsIssue.cs:line 93 
2022-12-06 16:03:59.0473 DEBUG d12 {"ErrorCode":"AUG003","ErrorDetails":"Product not found in this catalog with ID 31913.","ErrorMessage":"Product not found","Status":"ERROR"} 
2022-12-06 16:04:00.0583 INFO {
  "response": {
    "status": {
      "success": "true",
      "code": 200,
      "message": "{\"ErrorCode\":\"AUG003\",\"ErrorDetails\":\"Product not found in this catalog with ID 31913.\",\"ErrorMessage\":\"Product not found\",\"Status\":\"ERROR\"}"
    },
    "coupon": {
      "code": "31913",
      "description": "3193",
      "valid_till": null,
      "series_info": null,
      "customer": null,
      "item_status": {
        "success": "true",
        "code": 700,
        "message": "User 0's Order Id 0"
      }
    }
  }
} 
2022-12-06 16:04:18.8382 INFO {
  "id": "1692111",
  "intouch_series_id": "14870",
  "fname": "vikas",
  "pid": "31913",
  "pname": "3193",
  "lname": "vikas",
  "email_address": "vikas+verma@gmail.com",
  "streetAddress": "12244",
  "City": "asd",
  "StateProvince": "232",
  "PostalCode": "21431",
  "Country": "244",
  "orderType": "Digital",
  "Vendor": "AUGEO",
  "Address_Type": "Shipping"
} 
2022-12-06 16:04:22.3903 INFO {"access_token":"gAAAAAq-W_nq2rWuJXQhnsmDL_1E8PzBTsYMb6x8DLW9e_0iX-047mL58WgNs4k8F89duUCfBc2jWofJ3rNFKsLVLRs17FojKbCVKCaAh_tqwUXas-PGS5AiP6a81AM1H1FyMw1HQfVbxi4soEh_gry25h-CfFBeha8TnY8ERH-nfRBLRAEAAIAAAABG2wKpRFJ_BdFZJA395srIW5_6JJ_3Kv9-PVWBBSUBjC9XhODvV9UyZSuegtvsHEyrCasC1G6L09hHHolGRno353_79lHf1LwpJZFpbMcvDIOmtiMZRBPviV0sFZD5MAxHR_xsI5X1bU7KCp8tLv1Rhhva_DIg94UH3aAPZLbJbC_iElVBeU6aGlL46BZ0IaXhhUe7w0amiGng3qdST9G2Z4_3B3M60gna-jVXCqpOV8Qspbalhzyi9OyG0eQrZjACT6Ctmk9UoEjExWOLzf0roO0Db8wC71PpOUVscxY0P2QCZI1ROKfB2MWHPq60h8MvjCwCFf2rCWc0MJ43aRkk-AT9ZJtpjsUYSEJjxeAOaqWOsiztWJQAu80_F0LjF8Li4nvY5AhYScc0Mw2b4uIjLjlDbDrftQKv1g6Ja5tl3A","token_type":"bearer","expires_in":18000,"scope":"augeoperks"} 
2022-12-06 16:04:23.1606 INFO https://aws-api.uat.augeocms.com/r/v1/orders 
2022-12-06 16:04:23.7564 DEBUG {
  "clientUserId": "1692111",
  "clientOrderId": "37883943",
  "firstName": "vikas",
  "lastName": "vikas",
  "email": "vikas+verma@gmail.com",
  "Address": [
    {
      "type": "Shipping",
      "line1": "12244",
      "line2": "",
      "city": "asd",
      "stateISOCode": "232",
      "countryISOCode": "US",
      "zip": "21431"
    }
  ],
  "orderItems": [
    {
      "productId": "31913",
      "qty": "1"
    }
  ]
} 
2022-12-06 16:04:29.9016 ERROR System.Net.WebException: The remote server returned an error: (400) Bad Request.
   at System.Net.HttpWebRequest.GetResponse()
   at purinawrapper.apis.Models.AugeoRewardsIssue.AugeoRewardAPI(String api, String postParameters, String token) in C:\Solutions\US\Purina\purinawrapper.apis\purinawrapper.apis\Models\AugeoRewardsIssue.cs:line 93 
2022-12-06 16:04:29.9016 DEBUG d12 {"ErrorCode":"AUG003","ErrorDetails":"Product not found in this catalog with ID 31913.","ErrorMessage":"Product not found","Status":"ERROR"} 
2022-12-06 16:05:27.2374 INFO {
  "id": "1692111",
  "intouch_series_id": "14870",
  "fname": "vikas",
  "pid": "31913",
  "pname": "3193",
  "lname": "vikas",
  "email_address": "vikas+verma@gmail.com",
  "streetAddress": "12244",
  "City": "asd",
  "StateProvince": "232",
  "PostalCode": "21431",
  "Country": "244",
  "orderType": "Digital",
  "Vendor": "AUGEO",
  "Address_Type": "Shipping"
} 
2022-12-06 16:05:31.3301 INFO {"access_token":"gAAAAHy5emkMhnaTuqwLsj9Dt9LSe_9q-f16ewX3mnhaQ2OanUYHucmX06thTgXcr_lVPVaBNN_LhhvKaEgKPSH54XGoyiBg8SuWQvvb9EJZz9k7a-VVwR4u0TuRCfNRrMNFYNg21pyYDArxTbKytSGdgzLT3d_Rd3DQ1SzhhiVJHWA2RAEAAIAAAACLBjBt2wngds6O-U_NezW0CVD4u4xAaYT6mYi7ISW3kPQ5PF-fBKvD6yzf-M9r1bkO04MDlNjFzjPMiO0_zmgIc_6NRNVLcIp7fQncuJF_fyDmhf8CMU2oPLT2dMFAV76y8oHzP0ryc6fyD-I6l0mMnSm8n9y2k0q0ag-P-hEBKgIs-gxiyrgf-WUokjvJLejDC0fBxM9KLyBendqebuLgGp0UtTHoZS0rFRUicoGlSxuNrUPJVhZk-nim2GFYZWYlou6ncUs68dvLbSOE-nTHPjSg755C8Y6DEpIjKyAgbO9dIDdsOFKumYMldfarUgIMlIA9GvCRPV9WiMtUlE2AulYacmTubjdYcpxWBYHdMbAwRbdgPhOH0BD9dHGaYOm8Nr-aTxF8mL14WUfPmeHX5JpRT_yhw4TOhGYgYy4XGg","token_type":"bearer","expires_in":18000,"scope":"augeoperks"} 
2022-12-06 16:05:34.4518 INFO https://aws-api.uat.augeocms.com/r/v1/orders 
2022-12-06 16:05:36.1288 DEBUG {
  "clientUserId": "1692111",
  "clientOrderId": "37777808",
  "firstName": "vikas",
  "lastName": "vikas",
  "email": "vikas+verma@gmail.com",
  "Address": [
    {
      "type": "Shipping",
      "line1": "12244",
      "line2": "",
      "city": "asd",
      "stateISOCode": "232",
      "countryISOCode": "US",
      "zip": "21431"
    }
  ],
  "orderItems": [
    {
      "productId": "31913",
      "qty": "1"
    }
  ]
} 
2022-12-06 16:05:40.7433 ERROR System.Net.WebException: The remote server returned an error: (400) Bad Request.
   at System.Net.HttpWebRequest.GetResponse()
   at purinawrapper.apis.Models.AugeoRewardsIssue.AugeoRewardAPI(String api, String postParameters, String token) in C:\Solutions\US\Purina\purinawrapper.apis\purinawrapper.apis\Models\AugeoRewardsIssue.cs:line 93 
2022-12-06 16:05:40.7433 DEBUG d12 {"ErrorCode":"AUG003","ErrorDetails":"Product not found in this catalog with ID 31913.","ErrorMessage":"Product not found","Status":"ERROR"} 
2022-12-06 16:25:21.3589 INFO {
  "id": "1692111",
  "intouch_series_id": "14870",
  "fname": "vikas",
  "pid": "31913",
  "pname": "3193",
  "lname": "vikas",
  "email_address": "vikas+verma@gmail.com",
  "streetAddress": "12244",
  "City": "asd",
  "StateProvince": "232",
  "PostalCode": "21431",
  "Country": "244",
  "orderType": "Digital",
  "Vendor": "AUGEO",
  "Address_Type": "Shipping"
} 
2022-12-06 16:25:27.1211 INFO {"access_token":"gAAAAKABcTidtJ_nt-FSk6p1bF4f_T7OHQVxfGx2QvJ89_5IGcWzpzc_7gqc8A-2q_qx74QBol0izTcS35Ud4bB47DLz39kVqdgF28GR3NMJ1pzkLxC2zEIhwNG8z_RdNAEeFin4GpDDy3uJ7rKM7Sf50kNvMnhp-XlR1Aj7-Nk_1K-tRAEAAIAAAAATSx94IfDEH-5owKBZnbIW-7MnY9QHakPhf0FcHSGRWNtPV7GAXnUDlt2eEmd_JxSU3EIsSMi-iLD-Q4KCQr4GJa27rLxN5wic7DYy6yCB_s6Er6aiKc-5Asf9DtHLKIq3fNJybn41sbE-TkDDoO1KRxR0d2FAUcgnGJzcVkOnJQ_7komwcvCzAUsRK0XE5R6MGoBGWxPat4aoUCpCDR4a097vJaeoHdtdFKEx7qBBdwtO6KAJM1tB-IwftjMS6Ykh2r3SaaiVkrviUg7Iwsj27Y4g6ErSWOH9G5tdb2ZUuMwjOBg7DsXo6-VZrwkm5NddVqMtHBAlugh7vugpg055FummIRDscsEp09mtSMwW5VI831681rDbvJ6HyKajybInikUtSiWl_29k5l3hlntnOIgoHl7fwS1ZxoS5FOigYw","token_type":"bearer","expires_in":18000,"scope":"augeoperks"} 
2022-12-06 16:25:35.5522 INFO https://aws-api.uat.augeocms.com/r/v1/orders 
2022-12-06 16:25:36.2942 DEBUG {
  "clientUserId": "1692111",
  "clientOrderId": "29706669",
  "firstName": "vikas",
  "lastName": "vikas",
  "email": "vikas+verma@gmail.com",
  "Address": [
    {
      "type": "Shipping",
      "line1": "12244",
      "line2": "",
      "city": "asd",
      "stateISOCode": "232",
      "countryISOCode": "US",
      "zip": "21431"
    }
  ],
  "orderItems": [
    {
      "productId": "31913",
      "qty": "1"
    }
  ]
} 
2022-12-06 16:25:39.3615 ERROR System.Net.WebException: The remote server returned an error: (400) Bad Request.
   at System.Net.HttpWebRequest.GetResponse()
   at purinawrapper.apis.Models.AugeoRewardsIssue.AugeoRewardAPI(String api, String postParameters, String token) in C:\Solutions\US\Purina\purinawrapper.apis\purinawrapper.apis\Models\AugeoRewardsIssue.cs:line 93 
2022-12-06 16:25:39.3615 DEBUG d12 {"ErrorCode":"AUG003","ErrorDetails":"Product not found in this catalog with ID 31913.","ErrorMessage":"Product not found","Status":"ERROR"} 
2022-12-06 16:29:48.9212 INFO {
  "id": "1692111",
  "intouch_series_id": "14870",
  "fname": "vikas",
  "pid": "31913",
  "pname": "3193",
  "lname": "vikas",
  "email_address": "vikas+verma@gmail.com",
  "streetAddress": "12244",
  "City": "asd",
  "StateProvince": "232",
  "PostalCode": "21431",
  "Country": "244",
  "orderType": "Digital",
  "Vendor": "AUGEO",
  "Address_Type": "Shipping"
} 
2022-12-06 16:29:56.3271 INFO {"access_token":"gAAAAERrXN_2NO3FtFtbg-vfeycUI23CH0nTce79cpI8My14WR9Qjb53gMFgojx_xonzVjyt-uXJ7ETtvreNhqp4x_LhkZ0IOFQbOolPHJNaXfBoltA2HpdwqgQMDMlLD54sU0oa8OPj42ykdOj_X-QwLs6Rvdd03IdC8r-GuzXYcW8uRAEAAIAAAAB57FwPMzcJrlBwP-Z6GXTMPrm3OeOQejR_DLXPS47IYZXN6L9crqxVH6FqyykYty80rkks2yMk5nqQ3cl5za7bUNk74jp7P8APUr6kUQjLftEi_VlmyNeXRfsX5KcOePZkLWcSGoLuweKE-cH4FJNSyH3rqhAuANxXV533nf5hfvpFkwkZbhEzQsTlvWkmsg0-mJOxFSdk9ZY_jZ2pRzdAMsrPA30Cl5IQgzCWCuVdMJqFBn52zrIPbFC3GAtaDLxXSx6gy_GEewCJbMsuUUPezfeUlfDSv6ibrgQiJKzsamCA4dzL9XDsoaYNb1A0-kUN4lxPW8ujcHqoc0Ppa0sU2gDgJ6oxpjs0cZd6yRkWIt9ke7MGZl-CYjYjzNpArxZG9HTuRry0cIe52KSIBvu2b3lzE3EvmWGbfnykONIZkQ","token_type":"bearer","expires_in":18000,"scope":"augeoperks"} 
2022-12-06 16:29:57.6652 INFO https://aws-api.uat.augeocms.com/r/v1/orders 
2022-12-06 16:29:58.2208 DEBUG {
  "clientUserId": "1692111",
  "clientOrderId": "95900033",
  "firstName": "vikas",
  "lastName": "vikas",
  "email": "vikas+verma@gmail.com",
  "Address": [
    {
      "type": "Shipping",
      "line1": "12244",
      "line2": "",
      "city": "asd",
      "stateISOCode": "232",
      "countryISOCode": "US",
      "zip": "21431"
    }
  ],
  "orderItems": [
    {
      "productId": "31913",
      "qty": "1"
    }
  ]
} 
2022-12-06 16:30:00.5842 ERROR System.Net.WebException: The remote server returned an error: (400) Bad Request.
   at System.Net.HttpWebRequest.GetResponse()
   at purinawrapper.apis.Models.AugeoRewardsIssue.AugeoRewardAPI(String api, String postParameters, String token) in C:\Solutions\US\Purina\purinawrapper.apis\purinawrapper.apis\Models\AugeoRewardsIssue.cs:line 93 
2022-12-06 16:30:00.5842 DEBUG d12 {"ErrorCode":"AUG003","ErrorDetails":"Product not found in this catalog with ID 31913.","ErrorMessage":"Product not found","Status":"ERROR"} 
2022-12-06 16:30:48.4459 INFO {
  "id": "1692111",
  "intouch_series_id": "14870",
  "fname": "vikas",
  "pid": "31913",
  "pname": "3193",
  "lname": "vikas",
  "email_address": "vikas+verma@gmail.com",
  "streetAddress": "12244",
  "City": "asd",
  "StateProvince": "232",
  "PostalCode": "21431",
  "Country": "244",
  "orderType": "Digital",
  "Vendor": "AUGEO",
  "Address_Type": "Shipping"
} 
2022-12-06 16:30:57.2540 INFO {"access_token":"gAAAABIqvDYkl2w4U98501i0pHaF_vJbRfauobz3hsZAc2B_4mQTraXnoe9oSlM8_IpG54PEe46iAcQZuYbuVcTjQGSE88UJBwyng76-T33_qbV6Z71V__TH67taDuyvyXaTGPz2byD8sDOuX5-bGOi5iEs-ka94s4aGxHEjwSAgGe_WRAEAAIAAAABmBC57H_7VrR50Yv3kRe0NTHsZpYnLcJW9e7OYqp1RteNvb--XQM3IuYpyyiYfpPAgZxdbGuHwQp5fX2LU5hWHyZH7qvl6QT3q4GtYLnXwhKNZH_crkumYrvd7OACOamOisbwueJzUHQnY-Hfu3_xpopXHFVLyGSlulS94Wy2eORXi-zxGPY9bIXHPcuxbChXfBQYxCN_Q8gWqb87x5N6DWptJR2nJY1fmggI5SMyxAXC66m5BLdC61r58OdpPKDNdd9vqEvuddd4pKz9USvsWXkcMG4iJLRR6DoO5WMGzOmAJLVd9vrKgHM1KuUutHojJpImgK5rJy4CMklCQ2pFtiABvyB1N4EyIc8kveipkL3ZSoexCbxDOZoEwlF2xUS0AOZL3_QYB6-3Y79oZC4HFZDepd8KO85hAX0I5AT5ATg","token_type":"bearer","expires_in":18000,"scope":"augeoperks"} 
2022-12-06 16:30:58.8741 INFO https://aws-api.uat.augeocms.com/r/v1/orders 
2022-12-06 16:30:59.5039 DEBUG {
  "clientUserId": "1692111",
  "clientOrderId": "95585421",
  "firstName": "vikas",
  "lastName": "vikas",
  "email": "vikas+verma@gmail.com",
  "Address": [
    {
      "type": "Shipping",
      "line1": "12244",
      "line2": "",
      "city": "asd",
      "stateISOCode": "232",
      "countryISOCode": "US",
      "zip": "21431"
    }
  ],
  "orderItems": [
    {
      "productId": "31913",
      "qty": "1"
    }
  ]
} 
2022-12-06 16:31:01.8877 ERROR System.Net.WebException: The remote server returned an error: (400) Bad Request.
   at System.Net.HttpWebRequest.GetResponse()
   at purinawrapper.apis.Models.AugeoRewardsIssue.AugeoRewardAPI(String api, String postParameters, String token) in C:\Solutions\US\Purina\purinawrapper.apis\purinawrapper.apis\Models\AugeoRewardsIssue.cs:line 93 
2022-12-06 16:31:01.8877 DEBUG d12 {"ErrorCode":"AUG003","ErrorDetails":"Product not found in this catalog with ID 31913.","ErrorMessage":"Product not found","Status":"ERROR"} 
2022-12-06 16:31:35.5162 INFO {
  "id": "1692111",
  "intouch_series_id": "14870",
  "fname": "vikas",
  "pid": "31913",
  "pname": "3193",
  "lname": "vikas",
  "email_address": "vikas+verma@gmail.com",
  "streetAddress": "12244",
  "City": "asd",
  "StateProvince": "232",
  "PostalCode": "21431",
  "Country": "244",
  "orderType": "Digital",
  "Vendor": "AUGEO",
  "Address_Type": "Shipping"
} 
2022-12-06 16:31:39.4540 INFO {"access_token":"gAAAAA0ClnY5qM7Hw-aecuTt1PQxyl9bNTrNn2q_TvKILJs_kgOb3AG0Oh9hP-G438vasc7a6b4RiyyClUvY6UK6XP7aUB66DFFYMtieLcRK6YSljHFMtZV1YwOQu4VIokcyf6RtmDcGiHizJSWACxyfn_CT-BRglmQtaGvacvvB27WrRAEAAIAAAAACe9d4V-pH4sOBaQ5fQNQNshe4WteqLX5tI0afbdbbSGqeLrnUMGkHz7aG-bw0cbdTeo7MlQI7q3szw0UwVOFOsGpMEWYEKzENJAStZ2O0PqKsoayjBGXVnUAusnUJ8c6w9dJgYixGCKcfH5ZjsJsjOGS0SXmCroZln86CqRhTfgXQ1FkrzlXx-bEDfNWifXr1szT41Dovnm-UFIyuY6YjA8IRyjTLoDQv_wC4wRZjT0y1dr8vDEgslO2dqoioY3auXK18HM1RCO0roPWJb-q22YjSIhma1mrQpukBKwQsfYt1AUpEStRtO_TeoKf8Eeek0M8TUHkE5uvI_ir73GtonXTlou4Pa3SuUYe5RBB918bkpPB1Di0kkjP_drd3P1NpQq2FmwdChMGaVjtOvYqoTvMyePtsOstuWovzkYMgMw","token_type":"bearer","expires_in":18000,"scope":"augeoperks"} 
2022-12-06 16:31:40.1885 INFO https://aws-api.uat.augeocms.com/r/v1/orders 
2022-12-06 16:31:40.7489 DEBUG {
  "clientUserId": "1692111",
  "clientOrderId": "91715880",
  "firstName": "vikas",
  "lastName": "vikas",
  "email": "vikas+verma@gmail.com",
  "Address": [
    {
      "type": "Shipping",
      "line1": "12244",
      "line2": "",
      "city": "asd",
      "stateISOCode": "232",
      "countryISOCode": "US",
      "zip": "21431"
    }
  ],
  "orderItems": [
    {
      "productId": "31913",
      "qty": "1"
    }
  ]
} 
2022-12-06 16:31:43.3016 ERROR System.Net.WebException: The remote server returned an error: (400) Bad Request.
   at System.Net.HttpWebRequest.GetResponse()
   at purinawrapper.apis.Models.AugeoRewardsIssue.AugeoRewardAPI(String api, String postParameters, String token) in C:\Solutions\US\Purina\purinawrapper.apis\purinawrapper.apis\Models\AugeoRewardsIssue.cs:line 93 
2022-12-06 16:31:43.3016 DEBUG d12 {"ErrorCode":"AUG003","ErrorDetails":"Product not found in this catalog with ID 31913.","ErrorMessage":"Product not found","Status":"ERROR"} 
2022-12-06 16:31:56.8441 INFO {
  "id": "1692111",
  "intouch_series_id": "14870",
  "fname": "vikas",
  "pid": "3193",
  "pname": "3193",
  "lname": "vikas",
  "email_address": "vikas+verma@gmail.com",
  "streetAddress": "12244",
  "City": "asd",
  "StateProvince": "232",
  "PostalCode": "21431",
  "Country": "244",
  "orderType": "Digital",
  "Vendor": "AUGEO",
  "Address_Type": "Shipping"
} 
2022-12-06 16:32:00.1919 INFO {"access_token":"gAAAAEj7tfW6ssPQnkfff1uBIPhE6Mkg6loRRAFDWuRi45sP_rD-xaLlIG_ZfLMV9vpjkQzoH4FAZT319jaDpil6sPo8feQicIfM4olSqYaVm_Nm0kxR7FyTvBfGG9HAjb5t0focYgGjNLP0ceGZVL_qXmSn0G5nAL5AHF_VIoFJBtVYRAEAAIAAAAAs_vRofm8Vj6vP3AZNX-or65VdHsvHcj1_aPB8lIIS1A7PnxzTtGDhA9IAZWgMjjXvR3xUxWM7VN2XRFoa86iA5JKz61G_sokfGCSid1Aunz1kp3kbXugiR4J1qI031KDoo059azwOKyNVhqyZ7g7Lkxf2ndGgD1kXsCBkSyerGzs6IXTCL8Xac-CZswbn1mZGMD36m9VqZHej30Ree9nBACQ0Ka8cnOp9O2Dqn1ALJqK7Yt_ImZ-2IpFvSag9HuC-Fp-3_b-d5q03Mcs_9MwiFp29IjuVBC9FSQmsbchQTuGSsDlzob6I-IUVNFcxgBu0Wje7fYFWNpdeJVbptFdkLcO25O-SVQp08lgix1IBry35uLcu_yuAEd04xbrgsyvMJrLzpfBfhAyHh6DicjtUAR8tewvtpoqDscPeozf0rw","token_type":"bearer","expires_in":18000,"scope":"augeoperks"} 
2022-12-06 16:32:01.0472 INFO https://aws-api.uat.augeocms.com/r/v1/orders 
2022-12-06 16:32:01.7226 DEBUG {
  "clientUserId": "1692111",
  "clientOrderId": "25982461",
  "firstName": "vikas",
  "lastName": "vikas",
  "email": "vikas+verma@gmail.com",
  "Address": [
    {
      "type": "Shipping",
      "line1": "12244",
      "line2": "",
      "city": "asd",
      "stateISOCode": "232",
      "countryISOCode": "US",
      "zip": "21431"
    }
  ],
  "orderItems": [
    {
      "productId": "3193",
      "qty": "1"
    }
  ]
} 
2022-12-06 16:32:04.3724 INFO {"AugeoOrderId":73649,"AugeoUserId":86781,"ClientCustomFields":{}} 
2022-12-06 16:32:04.3724 DEBUG d12 {"AugeoOrderId":73649,"AugeoUserId":86781,"ClientCustomFields":{}} 
2022-12-06 16:32:05.9692 INFO {
  "response": {
    "status": {
      "success": "true",
      "code": 200,
      "message": "{\"AugeoOrderId\":73649,\"AugeoUserId\":86781,\"ClientCustomFields\":{}}"
    },
    "coupon": {
      "code": "3193",
      "description": "3193",
      "valid_till": null,
      "series_info": null,
      "customer": null,
      "item_status": {
        "success": "true",
        "code": 700,
        "message": "User 86781's Order Id 73649"
      }
    }
  }
} 
