2022-11-30 11:56:30.1381 INFO https://apac.api.capillarytech.com/v1.1/coupon/issue?format=json 
2022-11-30 11:56:30.1487 INFO {
  "root": {
    "coupon": [
      {
        "series_id": "14870",
        "customer": {
          "external_id": "1692111"
        }
      }
    ]
  }
} 
2022-11-30 11:56:31.1273 INFO {
	"response": {		
		"status": {
			"success": true,
			"code": 200,
			"message": "Success"
		},
		"coupon": {
			"code": "1006",
                        "series_id": "14870",
                        "description": "dog_clothes",
                        "discount_code": "1006",
                        "valid_till": "2023-01-31",
                        "discount_type": "PERC",
                        "discount_value": "100",
						"discount_upto": "0",
                        "discount_on": "BILL",
                        "detailed_info": "dog_clothes",
			"customer": {
			    
				"mobile": "", 
				"email": "", 
				"external_id": "1692111" 
			},
			"item_status": { 
				"success": true, 
				"code": 700, 
				"message": "Coupon processing successful" 
			}
		}
	}
} 
2022-11-30 11:56:31.1273 INFO CRM request ID: dd5b0b322e28a17d0bdffaf3bcc4b558 
2022-11-30 11:56:46.1474 INFO https://tgw.stage.arsecure.com/AR/v1/OrderProcessing/DigitalOrderCreate 
2022-11-30 11:56:46.1474 DEBUG {
  "Contract": {
    "ShipToCustomer": {
      "Customer": {
        "CustomerId": "1692111",
        "Name": {
          "First": "vikas",
          "Last": "vikas"
        }
      },
      "Email": [
        {
          "Type": "Primary",
          "Address": "vikas@vikas.com"
        }
      ],
      "address": {
        "streetAddress": [
          "12244"
        ],
        "City": "asd",
        "StateProvince": "232",
        "PostalCode": "21431",
        "Country": "244"
      }
    },
    "LanguageCode": "eng"
  },
  "Order": {
    "OrderId": "33001770",
    "OrderDate": "2022-11-30",
    "OrderTime": "11:56:42-4:00",
    "Overrides": {
      "Price": false,
      "Tax": false
    },
    "OrderedItem": [
      {
        "ProductId": "1006",
        "Sequence": 1,
        "Name": "dog_clothes",
        "Quantity": 1,
        "Price": 0
      }
    ]
  }
} 
2022-11-30 12:21:56.1147 INFO https://apac.api.capillarytech.com/v1.1/coupon/issue?format=json 
2022-11-30 12:21:56.1197 INFO {
  "root": {
    "coupon": [
      {
        "series_id": "14870",
        "customer": {
          "external_id": "1692111"
        }
      }
    ]
  }
} 
2022-11-30 12:21:56.6724 INFO {
	"response": {		
		"status": {
			"success": true,
			"code": 200,
			"message": "Success"
		},
		"coupon": {
			"code": "1006",
                        "series_id": "14870",
                        "description": "dog_clothes",
                        "discount_code": "1006",
                        "valid_till": "2023-01-31",
                        "discount_type": "PERC",
                        "discount_value": "100",
						"discount_upto": "0",
                        "discount_on": "BILL",
                        "detailed_info": "dog_clothes",
			"customer": {
			    
				"mobile": "", 
				"email": "", 
				"external_id": "1692111" 
			},
			"item_status": { 
				"success": true, 
				"code": 700, 
				"message": "Coupon processing successful" 
			}
		}
	}
} 
2022-11-30 12:21:56.6724 INFO CRM request ID: 68aec8bb722c76f9a058acfac940508d 
2022-11-30 12:22:06.8817 INFO https://tgw.stage.arsecure.com/AR/v1/OrderProcessing/DigitalOrderCreate 
2022-11-30 12:22:06.8817 DEBUG {
  "Contract": {
    "ShipToCustomer": {
      "Customer": {
        "CustomerId": "1692111",
        "Name": {
          "First": "vikas",
          "Last": "vikas"
        }
      },
      "Email": [
        {
          "Type": "Primary",
          "Address": "vikas@vikas.com"
        }
      ],
      "address": null
    },
    "LanguageCode": "eng"
  },
  "Order": {
    "OrderId": "10817675",
    "OrderDate": "2022-11-30",
    "OrderTime": "12:22:04-4:00",
    "Overrides": {
      "Price": false,
      "Tax": false
    },
    "OrderedItem": [
      {
        "ProductId": "1006",
        "Sequence": 1,
        "Name": "dog_clothes",
        "Quantity": 1,
        "Price": 0
      }
    ]
  }
} 
2022-11-30 12:22:28.3832 ERROR System.Net.WebException: Unable to connect to the remote server ---> System.Net.Sockets.SocketException: A connection attempt failed because the connected party did not properly respond after a period of time, or established connection failed because connected host has failed to respond 208.49.58.121:443
   at System.Net.Sockets.Socket.DoConnect(EndPoint endPointSnapshot, SocketAddress socketAddress)
   at System.Net.ServicePoint.ConnectSocketInternal(Boolean connectFailure, Socket s4, Socket s6, Socket& socket, IPAddress& address, ConnectSocketState state, IAsyncResult asyncResult, Exception& exception)
   --- End of inner exception stack trace ---
   at System.Net.HttpWebRequest.GetRequestStream(TransportContext& context)
   at System.Net.HttpWebRequest.GetRequestStream()
   at purinawrapper.apis.Models.CallAltaRewardApi.AltaRewardAPI(String api, String postParameters, String token) in C:\Solutions\US\Purina\purinawrapper.apis\purinawrapper.apis\Models\CallAltaRewardApi.cs:line 55 
2022-11-30 12:22:28.3832 DEBUG d12 Unable to connect to the remote server 
2022-11-30 12:22:28.4092 ERROR System.Runtime.Serialization.SerializationException: There was an error deserializing the object of type purinawrapper.apis.Models.RootResponse. Encountered unexpected character 'U'. ---> System.Xml.XmlException: Encountered unexpected character 'U'.
   at System.Xml.XmlExceptionHelper.ThrowXmlException(XmlDictionaryReader reader, XmlException exception)
   at System.Runtime.Serialization.Json.XmlJsonReader.ReadAttributes()
   at System.Runtime.Serialization.Json.XmlJsonReader.ReadNonExistentElementName(StringHandleConstStringType elementName)
   at System.Runtime.Serialization.Json.XmlJsonReader.Read()
   at System.Xml.XmlBaseReader.IsStartElement()
   at System.Xml.XmlBaseReader.IsStartElement(XmlDictionaryString localName, XmlDictionaryString namespaceUri)
   at System.Runtime.Serialization.XmlReaderDelegator.IsStartElement(XmlDictionaryString localname, XmlDictionaryString ns)
   at System.Runtime.Serialization.XmlObjectSerializer.IsRootElement(XmlReaderDelegator reader, DataContract contract, XmlDictionaryString name, XmlDictionaryString ns)
   at System.Runtime.Serialization.Json.DataContractJsonSerializer.InternalIsStartObject(XmlReaderDelegator reader)
   at System.Runtime.Serialization.Json.DataContractJsonSerializer.InternalReadObject(XmlReaderDelegator xmlReader, Boolean verifyObjectName)
   at System.Runtime.Serialization.XmlObjectSerializer.InternalReadObject(XmlReaderDelegator reader, Boolean verifyObjectName, DataContractResolver dataContractResolver)
   at System.Runtime.Serialization.XmlObjectSerializer.ReadObjectHandleExceptions(XmlReaderDelegator reader, Boolean verifyObjectName, DataContractResolver dataContractResolver)
   --- End of inner exception stack trace ---
   at System.Runtime.Serialization.XmlObjectSerializer.ReadObjectHandleExceptions(XmlReaderDelegator reader, Boolean verifyObjectName, DataContractResolver dataContractResolver)
   at System.Runtime.Serialization.Json.DataContractJsonSerializer.ReadObject(XmlDictionaryReader reader)
   at System.Runtime.Serialization.Json.DataContractJsonSerializer.ReadObject(Stream stream)
   at purinawrapper.apis.Controllers.RewardsController.RewardAdd(Request req) in C:\Solutions\US\Purina\purinawrapper.apis\purinawrapper.apis\Controllers\RewardsController.cs:line 252 
2022-11-30 12:22:35.4033 INFO https://apac.api.capillarytech.com/v1.1/coupon/issue?format=json 
2022-11-30 12:22:35.4033 INFO {
  "root": {
    "coupon": [
      {
        "series_id": "14870",
        "customer": {
          "external_id": "1692111"
        }
      }
    ]
  }
} 
2022-11-30 12:22:35.8910 INFO {
	"response": {		
		"status": {
			"success": true,
			"code": 200,
			"message": "Success"
		},
		"coupon": {
			"code": "1006",
                        "series_id": "14870",
                        "description": "dog_clothes",
                        "discount_code": "1006",
                        "valid_till": "2023-01-31",
                        "discount_type": "PERC",
                        "discount_value": "100",
						"discount_upto": "0",
                        "discount_on": "BILL",
                        "detailed_info": "dog_clothes",
			"customer": {
			    
				"mobile": "", 
				"email": "", 
				"external_id": "1692111" 
			},
			"item_status": { 
				"success": true, 
				"code": 700, 
				"message": "Coupon processing successful" 
			}
		}
	}
} 
2022-11-30 12:22:35.8910 INFO CRM request ID: b328da73a6587507425632b88bbcc56b 
2022-11-30 12:27:01.0294 INFO https://apac.api.capillarytech.com/v1.1/coupon/issue?format=json 
2022-11-30 12:27:01.0294 INFO {
  "root": {
    "coupon": [
      {
        "series_id": "14870",
        "customer": {
          "external_id": "1692111"
        }
      }
    ]
  }
} 
2022-11-30 12:27:01.7039 INFO {
	"response": {		
		"status": {
			"success": true,
			"code": 200,
			"message": "Success"
		},
		"coupon": {
			"code": "1006",
                        "series_id": "14870",
                        "description": "dog_clothes",
                        "discount_code": "1006",
                        "valid_till": "2023-01-31",
                        "discount_type": "PERC",
                        "discount_value": "100",
						"discount_upto": "0",
                        "discount_on": "BILL",
                        "detailed_info": "dog_clothes",
			"customer": {
			    
				"mobile": "", 
				"email": "", 
				"external_id": "1692111" 
			},
			"item_status": { 
				"success": true, 
				"code": 700, 
				"message": "Coupon processing successful" 
			}
		}
	}
} 
2022-11-30 12:27:01.7039 INFO CRM request ID: a949937474f20865eabf866c3ee607e7 
2022-11-30 12:27:03.8720 INFO https://tgw.stage.arsecure.com/AR/v1/OrderProcessing/OrderCreate 
2022-11-30 12:27:03.8720 DEBUG {
  "Contract": {
    "ShipToCustomer": {
      "Customer": {
        "CustomerId": "1692111",
        "Name": {
          "First": "vikas",
          "Last": "vikas"
        }
      },
      "Email": [
        {
          "Type": "Primary",
          "Address": "vikas@vikas.com"
        }
      ],
      "address": {
        "streetAddress": [
          "12244"
        ],
        "City": "asd",
        "StateProvince": "232",
        "PostalCode": "21431",
        "Country": "US"
      }
    },
    "LanguageCode": "eng"
  },
  "Order": {
    "OrderId": "61743066",
    "OrderDate": "2022-11-30",
    "OrderTime": "12:27:01-4:00",
    "Overrides": {
      "Price": false,
      "Tax": false
    },
    "OrderedItem": [
      {
        "ProductId": "1006",
        "Sequence": 1,
        "Name": "dog_clothes",
        "Quantity": 1,
        "Price": 0
      }
    ]
  }
} 
2022-11-30 12:27:24.9374 ERROR System.Net.WebException: Unable to connect to the remote server ---> System.Net.Sockets.SocketException: A connection attempt failed because the connected party did not properly respond after a period of time, or established connection failed because connected host has failed to respond 208.49.58.121:443
   at System.Net.Sockets.Socket.DoConnect(EndPoint endPointSnapshot, SocketAddress socketAddress)
   at System.Net.ServicePoint.ConnectSocketInternal(Boolean connectFailure, Socket s4, Socket s6, Socket& socket, IPAddress& address, ConnectSocketState state, IAsyncResult asyncResult, Exception& exception)
   --- End of inner exception stack trace ---
   at System.Net.HttpWebRequest.GetRequestStream(TransportContext& context)
   at System.Net.HttpWebRequest.GetRequestStream()
   at purinawrapper.apis.Models.CallAltaRewardApi.AltaRewardAPI(String api, String postParameters, String token) in C:\Solutions\US\Purina\purinawrapper.apis\purinawrapper.apis\Models\CallAltaRewardApi.cs:line 55 
2022-11-30 12:27:24.9374 DEBUG d12 Unable to connect to the remote server 
2022-11-30 12:27:24.9570 ERROR System.Runtime.Serialization.SerializationException: There was an error deserializing the object of type purinawrapper.apis.Models.RootResponse. Encountered unexpected character 'U'. ---> System.Xml.XmlException: Encountered unexpected character 'U'.
   at System.Xml.XmlExceptionHelper.ThrowXmlException(XmlDictionaryReader reader, XmlException exception)
   at System.Runtime.Serialization.Json.XmlJsonReader.ReadAttributes()
   at System.Runtime.Serialization.Json.XmlJsonReader.ReadNonExistentElementName(StringHandleConstStringType elementName)
   at System.Runtime.Serialization.Json.XmlJsonReader.Read()
   at System.Xml.XmlBaseReader.IsStartElement()
   at System.Xml.XmlBaseReader.IsStartElement(XmlDictionaryString localName, XmlDictionaryString namespaceUri)
   at System.Runtime.Serialization.XmlReaderDelegator.IsStartElement(XmlDictionaryString localname, XmlDictionaryString ns)
   at System.Runtime.Serialization.XmlObjectSerializer.IsRootElement(XmlReaderDelegator reader, DataContract contract, XmlDictionaryString name, XmlDictionaryString ns)
   at System.Runtime.Serialization.Json.DataContractJsonSerializer.InternalIsStartObject(XmlReaderDelegator reader)
   at System.Runtime.Serialization.Json.DataContractJsonSerializer.InternalReadObject(XmlReaderDelegator xmlReader, Boolean verifyObjectName)
   at System.Runtime.Serialization.XmlObjectSerializer.InternalReadObject(XmlReaderDelegator reader, Boolean verifyObjectName, DataContractResolver dataContractResolver)
   at System.Runtime.Serialization.XmlObjectSerializer.ReadObjectHandleExceptions(XmlReaderDelegator reader, Boolean verifyObjectName, DataContractResolver dataContractResolver)
   --- End of inner exception stack trace ---
   at System.Runtime.Serialization.XmlObjectSerializer.ReadObjectHandleExceptions(XmlReaderDelegator reader, Boolean verifyObjectName, DataContractResolver dataContractResolver)
   at System.Runtime.Serialization.Json.DataContractJsonSerializer.ReadObject(XmlDictionaryReader reader)
   at System.Runtime.Serialization.Json.DataContractJsonSerializer.ReadObject(Stream stream)
   at purinawrapper.apis.Controllers.RewardsController.RewardAdd(Request req) in C:\Solutions\US\Purina\purinawrapper.apis\purinawrapper.apis\Controllers\RewardsController.cs:line 248 
